make all --print-data-base --no-builtin-variables --no-builtin-rules --question
# GNU Make 3.81
# Copyright (C) 2006  Free Software Foundation, Inc.
# This is free software; see the source for copying conditions.
# There is NO warranty; not even for MERCHANTABILITY or FITNESS FOR A
# PARTICULAR PURPOSE.

# This program built for i386-apple-darwin11.3.0

# Make data base, printed on Sun Aug 28 19:24:50 2022

# Variables

# automatic
<D = $(patsubst %/,%,$(dir $<))
# automatic
?F = $(notdir $?)
# automatic
?D = $(patsubst %/,%,$(dir $?))
# automatic
@D = $(patsubst %/,%,$(dir $@))
# automatic
@F = $(notdir $@)
# makefile
CURDIR := /Users/vishalbhogate/Documents/GITHUB/Elumina/docker-terraform-service
# makefile
SHELL = /bin/sh
# environment
VSCODE_NLS_CONFIG = {"locale":"en-gb","availableLanguages":{},"_languagePackSupport":true}
# environment
_ = /usr/bin/make
# makefile (from `Makefile', line 1)
IMAGE_NAME = elumina/docker-terraform:latest
# makefile (from `Makefile', line 1)
MAKEFILE_LIST :=  Makefile
# environment
__CFBundleIdentifier = com.microsoft.VSCode
# environment
VSCODE_CWD = /
# environment
PATH = /Users/vishalbhogate/Documents/Upowr/ecliptic/core/tools/bin:/Users/vishalbhogate/Documents/Upowr/ecliptic/core/cloud/bin:/Users/vishalbhogate/Documents/Upowr/ecliptic/core/cloud/etc/aws/env/bin:/usr/local/opt/coreutils/libexec/gnubin:/core/tools/bin:/core/cloud/bin:/usr/local/opt/libpq/bin:/Users/vishalbhogate/go/bin:/usr/local/bin:/usr/bin:/bin:/usr/sbin:/sbin
# environment
LSCOLORS = Gxfxcxdxbxegedabagacad
# environment
FPATH = /Users/vishalbhogate/Documents/Upowr/ecliptic/core/tools/zsh/functions:/Users/vishalbhogate/.oh-my-zsh/plugins/docker:/Users/vishalbhogate/.oh-my-zsh/plugins/kubectl:/Users/vishalbhogate/.oh-my-zsh/plugins/npm:/Users/vishalbhogate/.oh-my-zsh/plugins/node:/Users/vishalbhogate/.oh-my-zsh/plugins/history:/Users/vishalbhogate/.oh-my-zsh/plugins/brew:/Users/vishalbhogate/.oh-my-zsh/plugins/git-flow:/Users/vishalbhogate/.oh-my-zsh/plugins/git:/Users/vishalbhogate/.oh-my-zsh/functions:/Users/vishalbhogate/.oh-my-zsh/completions:/Users/vishalbhogate/.oh-my-zsh/cache/completions:/usr/local/share/zsh/site-functions:/usr/share/zsh/site-functions:/usr/share/zsh/5.8.1/functions
# environment
GOPATH = /Users/vishalbhogate/go
# environment
LaunchInstanceID = 5803E5CC-ED91-4AE9-99C5-E63C0490B17C
# environment
ELECTRON_RUN_AS_NODE = 1
# environment
JAVA_8_HOME = /Library/Java/JavaVirtualMachines/adoptopenjdk-8.jdk/Contents/Home
# default
.FEATURES := target-specific order-only second-expansion else-if archives jobserver check-symlink
# environment
SSH_AUTH_SOCK = /private/tmp/com.apple.launchd.vRJBDjDviB/Listeners
# automatic
%F = $(notdir $%)
# environment
PWD = /Users/vishalbhogate/Documents/GITHUB/Elumina/docker-terraform-service
# environment
ORIGINAL_XDG_CURRENT_DESKTOP = undefined
# environment
VSCODE_AMD_ENTRYPOINT = vs/workbench/api/node/extensionHostProcess
# environment
HOME = /Users/vishalbhogate
# default
MAKEFILEPATH = $(shell /usr/bin/xcode-select -print-path 2>/dev/null || echo /Developer)/Makefiles
# environment
VSCODE_CODE_CACHE_PATH = /Users/vishalbhogate/Library/Application Support/Code/CachedData/da76f93349a72022ca4670c1b84860304616aaa2
# environment
LOGNAME = vishalbhogate
# environment
APPLICATION_INSIGHTS_NO_DIAGNOSTIC_CHANNEL = true
# environment
ZSH = /Users/vishalbhogate/.oh-my-zsh
# environment
VSCODE_HANDLES_UNCAUGHT_ERRORS = true
# automatic
^D = $(patsubst %/,%,$(dir $^))
# environment
XPC_FLAGS = 0x0
# default
MAKE = $(MAKE_COMMAND)
# default
MAKECMDGOALS := all
# environment
SHLVL = 1
# default
MAKE_VERSION := 3.81
# environment
USER = vishalbhogate
# makefile
.DEFAULT_GOAL := build
# environment
LESS = -R
# automatic
%D = $(patsubst %/,%,$(dir $%))
# default
MAKE_COMMAND := /Library/Developer/CommandLineTools/usr/bin/make
# default
.VARIABLES := 
# environment
TMPDIR = /var/folders/p2/k9_3p0w126z7pntdh5r0mbh00000gn/T/
# automatic
*F = $(notdir $*)
# environment
VSCODE_IPC_HOOK = /Users/vishalbhogate/Library/Application Support/Code/1.70.0-main.sock
# environment
MallocNanoZone = 0
# environment
PYTHONPATH = /Users/vishalbhogate/Documents/Upowr/core/lambda/python/layer/upowr:/Users/vishalbhogate/Documents/Upowr/core/upowr/lambda/python:/Users/vishalbhogate/Documents/GIT/apra-amcos-serverless-kms-automation/handlers:/Users/vishalbhogate/Documents/GIT/apra-amcos-serverless-kms-automation/handlers/layer
# makefile
MAKEFLAGS = Rrqp
# environment
MFLAGS = -Rrqp
# automatic
*D = $(patsubst %/,%,$(dir $*))
# environment
XPC_SERVICE_NAME = application.com.microsoft.VSCode.34904521.34904527
# automatic
+D = $(patsubst %/,%,$(dir $+))
# automatic
+F = $(notdir $+)
# environment
__CF_USER_TEXT_ENCODING = 0x1F5:0:15
# environment
COMMAND_MODE = unix2003
# default
MAKEFILES := 
# automatic
<F = $(notdir $<)
# environment
PAGER = less
# environment
LC_ALL = C
# environment
JAVA_11_HOME = /Library/Java/JavaVirtualMachines/adoptopenjdk-8.jdk/Contents/Home
# environment
SECURITYSESSIONID = 186a6
# automatic
^F = $(notdir $^)
# default
 
make: *** No rule to make target `all'.  Stop.

SUFFIXES := 
# default
.INCLUDE_DIRS = /usr/local/include
# environment
MAKELEVEL := 0
# environment
LANG = C
# environment
VSCODE_PID = 549
# variable set hash-table stats:
# Load=70/1024=7%, Rehash=0, Collisions=1/95=1%

# Pattern-specific Variable Values

# No pattern-specific variable values.

# Directories

# . (device 16777221, inode 35699040): 8 files, no impossibilities.

# 8 files, no impossibilities in 1 directories.

# Implicit Rules

# No implicit rules.

# Files

# Not a target:
all:
#  Command-line target.
#  Implicit rule search has been done.
#  File does not exist.
#  File has not been updated.
# variable set hash-table stats:
# Load=0/32=0%, Rehash=0, Collisions=0/0=0%

# Not a target:
.SUFFIXES:
#  Implicit rule search has not been done.
#  Modification time never checked.
#  File has not been updated.

# Not a target:
Makefile:
#  Implicit rule search has been done.
#  Last modified 2022-08-04 16:53:43
#  File has been updated.
#  Successfully updated.
# variable set hash-table stats:
# Load=0/32=0%, Rehash=0, Collisions=0/0=0%

build:
#  Implicit rule search has not been done.
#  Modification time never checked.
#  File has not been updated.
#  commands to execute (from `Makefile', line 4):
	docker build -t $(IMAGE_NAME) .
	

# Not a target:
.DEFAULT:
#  Implicit rule search has not been done.
#  Modification time never checked.
#  File has not been updated.

lint:
#  Implicit rule search has not been done.
#  Modification time never checked.
#  File has not been updated.
#  commands to execute (from `Makefile', line 10):
	docker run --rm -i -v $(PWD)/hadolint.yaml:/.config/hadolint.yaml hadolint/hadolint < Dockerfile
	

shell:
#  Implicit rule search has not been done.
#  Modification time never checked.
#  File has not been updated.
#  commands to execute (from `Makefile', line 7):
	docker run --rm -it --entrypoint=/bin/bash -v ~/.aws:/root/.aws -v $(PWD):/opt/app $(IMAGE_NAME)
	

# files hash-table stats:
# Load=7/1024=1%, Rehash=0, Collisions=1/19=5%
# VPATH Search Paths

# No `vpath' search paths.

# No general (`VPATH' variable) search path.

# # of strings in strcache: 1
# # of strcache buffers: 1
# strcache size: total = 4096 / max = 4096 / min = 4096 / avg = 4096
# strcache free: total = 4087 / max = 4087 / min = 4087 / avg = 4087

# Finished Make data base on Sun Aug 28 19:24:50 2022

 
